[2023-06-14T10:30:14.541140+00:00] cli-app.INFO: find_by_price_range command executed {"from":"12.00","to":"145.80"} []
[2023-06-14T10:31:15.142009+00:00] cli-app.INFO: find_by_price_range command executed {"from":"150.00","to":"245.80"} []
[2023-06-14T10:31:36.968363+00:00] cli-app.INFO: find_by_price_range command executed {"from":"250.00","to":"345.80"} []
[2023-06-14T10:33:09.032665+00:00] cli-app.INFO: find_by_price_range command executed {"from":"250.00","to":"345.80"} []
[2023-06-14T10:33:49.252177+00:00] cli-app.ERROR: Invalid command {"command":"count_by_vendor_id"} []
[2023-06-14T10:33:49.255188+00:00] cli-app.ERROR: Exception caught {"exception":"[object] (Exception(code: 0): Invalid command at /Users/khemrajregmi/Desktop/Projects/Coading challenge/Metro/cli.php:52)"} []
[2023-06-14T10:37:29.327394+00:00] cli-app.INFO: count_by_vendor_id command executed {"vendorId":"42"} []
[2023-06-14T10:38:27.061619+00:00] cli-app.INFO: count_by_vendor_id command executed {"vendorId":"84"} []
[2023-06-14T10:47:11.518789+00:00] cli-app.ERROR: Exception caught {"exception":"[object] (Exception(code: 0): Invalid JSON: Syntax error at /Users/khemrajregmi/Desktop/Projects/Coading challenge/Metro/JsonReader.php:9)"} []
[2023-06-14T10:47:28.168020+00:00] cli-app.ERROR: Exception caught {"exception":"[object] (Exception(code: 0): Invalid JSON: Syntax error at /Users/khemrajregmi/Desktop/Projects/Coading challenge/Metro/JsonReader.php:9)"} []
[2023-06-14T10:49:40.461001+00:00] cli-app.INFO: count_by_vendor_id command executed {"vendorId":"84"} []
[2023-06-14T10:49:49.815166+00:00] cli-app.INFO: find_by_price_range command executed {"from":"250.00","to":"345.80"} []
[2023-06-14T10:49:49.815790+00:00] cli-app.ERROR: Invalid command {"command":"find_by_price_range"} []
[2023-06-14T10:49:49.815818+00:00] cli-app.ERROR: Exception caught {"exception":"[object] (Exception(code: 0): Invalid command at /Users/khemrajregmi/Desktop/Projects/Coading challenge/Metro/cli.php:57)"} []
[2023-06-14T10:50:19.623180+00:00] cli-app.INFO: find_by_price_range command executed {"from":"10.00","to":"345.80"} []
[2023-06-14T10:50:19.624125+00:00] cli-app.ERROR: Invalid command {"command":"find_by_price_range"} []
[2023-06-14T10:50:19.624156+00:00] cli-app.ERROR: Exception caught {"exception":"[object] (Exception(code: 0): Invalid command at /Users/khemrajregmi/Desktop/Projects/Coading challenge/Metro/cli.php:57)"} []
[2023-06-14T10:51:21.412601+00:00] cli-app.INFO: find_by_price_range command executed {"from":"10.00","to":"345.80"} []
[2023-06-14T10:51:35.381040+00:00] cli-app.INFO: count_by_vendor_id command executed {"vendorId":"84"} []
[2023-06-14T10:54:10.788432+00:00] cli-app.INFO: count_by_vendor_id command executed {"vendorId":"84"} []
[2023-06-14T12:25:04.919484+00:00] cli-app.ERROR: Invalid command {"command":"count_by_price_range"} []
[2023-06-14T12:25:04.921178+00:00] cli-app.ERROR: Exception caught {"exception":"[object] (Exception(code: 0): Invalid command at /Users/khemrajregmi/Desktop/Projects/Coading challenge/Metro/run.php:57)"} []
[2023-06-14T12:25:44.758453+00:00] cli-app.ERROR: Invalid command {"command":"count_by_price_range"} []
[2023-06-14T12:25:44.760217+00:00] cli-app.ERROR: Exception caught {"exception":"[object] (Exception(code: 0): Invalid command at /Users/khemrajregmi/Desktop/Projects/Coading challenge/Metro/run.php:57)"} []
[2023-06-14T12:27:01.121980+00:00] cli-app.INFO: find_by_price_range command executed {"from":"12.00","to":"145.80"} []
[2023-06-14T12:27:39.441070+00:00] cli-app.INFO: count_by_vendor_id command executed {"vendorId":"42"} []
[2023-06-14T12:27:52.904787+00:00] cli-app.INFO: count_by_vendor_id command executed {"vendorId":"125"} []
[2023-06-14T12:28:04.267542+00:00] cli-app.INFO: count_by_vendor_id command executed {"vendorId":"84"} []
[2023-06-14T12:31:49.470622+00:00] cli-app.INFO: find_by_price_range command executed {"from":"12.00","to":"145.80"} []
[2023-06-14T12:32:50.619507+00:00] cli-app.INFO: count_by_vendor_id command executed {"vendorId":"12.00"} []
[2023-06-14T12:41:11.692883+00:00] cli-app.INFO: count_by_vendor_id command executed {"vendorId":"12.00"} []
[2023-06-14T12:41:19.909424+00:00] cli-app.INFO: count_by_vendor_id command executed {"vendorId":"42"} []
[2023-06-14T13:25:40.098504+00:00] cli-app.INFO: count_by_vendor_id command executed {"vendorId":"42"} []
[2023-06-14T13:26:00.312056+00:00] cli-app.INFO: count_by_vendor_id command executed {"vendorId":"35"} []
[2023-06-14T13:26:30.933124+00:00] cli-app.INFO: count_by_vendor_id command executed {"vendorId":"12.00"} []
[2023-06-14T13:26:47.662634+00:00] cli-app.INFO: count_by_vendor_id command executed {"vendorId":"12.00"} []
[2023-06-14T13:27:25.897162+00:00] cli-app.INFO: count_by_vendor_id command executed {"vendorId":"12"} []
[2023-06-14T13:27:34.379398+00:00] cli-app.INFO: count_by_vendor_id command executed {"vendorId":"12"} []
[2023-06-14T13:28:11.585421+00:00] cli-app.INFO: count_by_vendor_id command executed {"vendorId":"12"} []
[2023-06-14T13:33:24.196229+00:00] cli-app.ERROR: Invalid command {"command":"count_by_price_rang"} []
[2023-06-14T13:33:24.197372+00:00] cli-app.ERROR: Exception caught {"exception":"[object] (Exception(code: 0): Invalid command at /Users/khemrajregmi/Desktop/Projects/Coading challenge/Metro/run.php:60)"} []
[2023-06-14T13:33:37.396014+00:00] cli-app.INFO: count_by_vendor_id command executed {"vendorId":"250"} []
[2023-06-14T13:34:08.940463+00:00] cli-app.INFO: count_by_vendor_id command executed {"vendorId":"12"} []
[2023-06-14T13:37:04.506428+00:00] cli-app.INFO: count_by_vendor_id command executed {"vendorId":"12"} []
[2023-06-14T13:37:08.743047+00:00] cli-app.INFO: count_by_vendor_id command executed {"vendorId":"250"} []
[2023-06-14T13:39:34.670383+00:00] cli-app.INFO: count_by_vendor_id command executed {"vendorId":"250"} []
[2023-06-14T13:39:44.815244+00:00] cli-app.INFO: count_by_vendor_id command executed {"vendorId":"12"} []
[2023-06-14T13:39:57.239550+00:00] cli-app.INFO: count_by_vendor_id command executed {"vendorId":"250"} []
[2023-06-14T13:40:13.424326+00:00] cli-app.INFO: count_by_vendor_id command executed {"vendorId":"250"} []
[2023-06-14T13:46:14.576786+00:00] cli-app.INFO: count_by_vendor_id command executed {"vendorId":"250"} []
[2023-06-14T13:46:51.385723+00:00] cli-app.INFO: count_by_vendor_id command executed {"vendorId":"250"} []
[2023-06-14T13:49:40.387505+00:00] cli-app.INFO: count_by_vendor_id command executed {"vendorId":"250"} []
[2023-06-14T13:51:01.321343+00:00] cli-app.INFO: count_by_vendor_id command executed {"vendorId":"250"} []
[2023-06-14T13:56:42.662793+00:00] cli-app.INFO: count_by_vendor_id command executed {"vendorId":"250"} []
[2023-06-14T14:06:12.740383+00:00] cli-app.INFO: count_by_vendor_id command executed {"vendorId":"250"} []
[2023-06-14T14:23:43.966586+00:00] cli-app.INFO: count_by_price_range command executed {"from":"250","to":"0"} []
